Traceback (most recent call last):
  File "/opt/hostedtoolcache/Python/3.8.13/x64/lib/python3.8/site-packages/jupyter_cache/executors/utils.py", line 51, in single_nb_execution
    executenb(
  File "/opt/hostedtoolcache/Python/3.8.13/x64/lib/python3.8/site-packages/nbclient/client.py", line 1204, in execute
    return NotebookClient(nb=nb, resources=resources, km=km, **kwargs).execute()
  File "/opt/hostedtoolcache/Python/3.8.13/x64/lib/python3.8/site-packages/nbclient/util.py", line 84, in wrapped
    return just_run(coro(*args, **kwargs))
  File "/opt/hostedtoolcache/Python/3.8.13/x64/lib/python3.8/site-packages/nbclient/util.py", line 62, in just_run
    return loop.run_until_complete(coro)
  File "/opt/hostedtoolcache/Python/3.8.13/x64/lib/python3.8/asyncio/base_events.py", line 616, in run_until_complete
    return future.result()
  File "/opt/hostedtoolcache/Python/3.8.13/x64/lib/python3.8/site-packages/nbclient/client.py", line 663, in async_execute
    await self.async_execute_cell(
  File "/opt/hostedtoolcache/Python/3.8.13/x64/lib/python3.8/site-packages/nbclient/client.py", line 965, in async_execute_cell
    await self._check_raise_for_error(cell, cell_index, exec_reply)
  File "/opt/hostedtoolcache/Python/3.8.13/x64/lib/python3.8/site-packages/nbclient/client.py", line 862, in _check_raise_for_error
    raise CellExecutionError.from_cell_and_msg(cell, exec_reply_content)
nbclient.exceptions.CellExecutionError: An error occurred while executing the following cell:
------------------
#install and load package

install.packages("dagitty")
install.packages("ggdag")
library(dagitty)
library(ggdag)

------------------

Error: package or namespace load failed for ‘ggdag’ in dyn.load(file, DLLpath = DLLpath, ...):
 unable to load shared object '/home/runner/work/_temp/Library/igraph/libs/igraph.so':
  libglpk.so.40: cannot open shared object file: No such file or directory
Traceback:

1. library(ggdag)
2. tryCatch({
 .     attr(package, "LibPath") <- which.lib.loc
 .     ns <- loadNamespace(package, lib.loc)
 .     env <- attachNamespace(ns, pos = pos, deps, exclude, include.only)
 . }, error = function(e) {
 .     P <- if (!is.null(cc <- conditionCall(e))) 
 .         paste(" in", deparse(cc)[1L])
 .     else ""
 .     msg <- gettextf("package or namespace load failed for %s%s:\n %s", 
 .         sQuote(package), P, conditionMessage(e))
 .     if (logical.return && !quietly) 
 .         message(paste("Error:", msg), domain = NA)
 .     else stop(msg, call. = FALSE, domain = NA)
 . })
3. tryCatchList(expr, classes, parentenv, handlers)
4. tryCatchOne(expr, names, parentenv, handlers[[1L]])
5. value[[3L]](cond)
6. stop(msg, call. = FALSE, domain = NA)
ERROR: Error: package or namespace load failed for ‘ggdag’ in dyn.load(file, DLLpath = DLLpath, ...):
 unable to load shared object '/home/runner/work/_temp/Library/igraph/libs/igraph.so':
  libglpk.so.40: cannot open shared object file: No such file or directory


